<?xml version="1.0" encoding="UTF-8"?>
<testsuite xmlns:xsi="http://www.w3.org/2001/XMLSchema-instance" xsi:noNamespaceSchemaLocation="https://maven.apache.org/surefire/maven-surefire-plugin/xsd/surefire-test-report.xsd" name="cn.zoey.ssm.AppTest" time="0.045" tests="1" errors="0" skipped="0" failures="0">
  <properties>
    <property name="user.variant" value=""/>
    <property name="java.vm.info" value="mixed mode"/>
    <property name="file.encoding.pkg" value="sun.io"/>
    <property name="file.encoding" value="GBK"/>
    <property name="java.specification.name" value="Java Platform API Specification"/>
    <property name="sun.os.patch.level" value=""/>
    <property name="user.dir" value="D:\workspace\zoey\parent\front\front-dao"/>
    <property name="line.separator" value="&#10;"/>
    <property name="java.home" value="D:\develop\Java\jdk1.7.0_80\jre"/>
    <property name="user.name" value="LYF"/>
    <property name="sun.boot.library.path" value="D:\develop\Java\jdk1.7.0_80\jre\bin"/>
    <property name="user.home" value="C:\Users\LYF"/>
    <property name="localRepository" value="C:\Users\LYF\.m2\repository"/>
    <property name="sun.java.launcher" value="SUN_STANDARD"/>
    <property name="java.class.version" value="51.0"/>
    <property name="user.language" value="zh"/>
    <property name="java.vendor.url.bug" value="http://bugreport.sun.com/bugreport/"/>
    <property name="sun.jnu.encoding" value="GBK"/>
    <property name="java.io.tmpdir" value="C:\Users\LYF\AppData\Local\Temp\"/>
    <property name="java.specification.vendor" value="Oracle Corporation"/>
    <property name="file.separator" value="\"/>
    <property name="java.class.path" value="D:\workspace\zoey\parent\front\front-dao\target\test-classes;D:\workspace\zoey\parent\front\front-dao\target\classes;C:\Users\LYF\.m2\repository\junit\junit\4.11\junit-4.11.jar;C:\Users\LYF\.m2\repository\org\hamcrest\hamcrest-core\1.3\hamcrest-core-1.3.jar;C:\Users\LYF\.m2\repository\org\apache\tomcat\tomcat-jsp-api\7.0.47\tomcat-jsp-api-7.0.47.jar;C:\Users\LYF\.m2\repository\org\apache\tomcat\tomcat-el-api\7.0.47\tomcat-el-api-7.0.47.jar;C:\Users\LYF\.m2\repository\org\apache\tomcat\tomcat-servlet-api\7.0.47\tomcat-servlet-api-7.0.47.jar;"/>
    <property name="java.vm.vendor" value="Oracle Corporation"/>
    <property name="sun.cpu.endian" value="little"/>
    <property name="java.vm.specification.vendor" value="Oracle Corporation"/>
    <property name="java.specification.version" value="1.7"/>
    <property name="user.script" value=""/>
    <property name="awt.toolkit" value="sun.awt.windows.WToolkit"/>
    <property name="sun.java.command" value="C:\Users\LYF\AppData\Local\Temp\surefire3241943921484957001\surefirebooter6042568155638116836.jar C:\Users\LYF\AppData\Local\Temp\surefire3241943921484957001 2018-06-07T17-16-07_107-jvmRun1 surefire7260620236118403163tmp surefire_15242386355990742102tmp"/>
    <property name="user.timezone" value=""/>
    <property name="surefire.test.class.path" value="D:\workspace\zoey\parent\front\front-dao\target\test-classes;D:\workspace\zoey\parent\front\front-dao\target\classes;C:\Users\LYF\.m2\repository\junit\junit\4.11\junit-4.11.jar;C:\Users\LYF\.m2\repository\org\hamcrest\hamcrest-core\1.3\hamcrest-core-1.3.jar;C:\Users\LYF\.m2\repository\org\apache\tomcat\tomcat-jsp-api\7.0.47\tomcat-jsp-api-7.0.47.jar;C:\Users\LYF\.m2\repository\org\apache\tomcat\tomcat-el-api\7.0.47\tomcat-el-api-7.0.47.jar;C:\Users\LYF\.m2\repository\org\apache\tomcat\tomcat-servlet-api\7.0.47\tomcat-servlet-api-7.0.47.jar;"/>
    <property name="java.runtime.version" value="1.7.0_80-b15"/>
    <property name="java.vendor" value="Oracle Corporation"/>
    <property name="sun.management.compiler" value="HotSpot 64-Bit Tiered Compilers"/>
    <property name="sun.arch.data.model" value="64"/>
    <property name="os.arch" value="amd64"/>
    <property name="sun.io.unicode.encoding" value="UnicodeLittle"/>
    <property name="java.awt.printerjob" value="sun.awt.windows.WPrinterJob"/>
    <property name="path.separator" value=";"/>
    <property name="java.runtime.name" value="Java(TM) SE Runtime Environment"/>
    <property name="java.vendor.url" value="http://java.oracle.com/"/>
    <property name="sun.boot.class.path" value="D:\develop\Java\jdk1.7.0_80\jre\lib\resources.jar;D:\develop\Java\jdk1.7.0_80\jre\lib\rt.jar;D:\develop\Java\jdk1.7.0_80\jre\lib\sunrsasign.jar;D:\develop\Java\jdk1.7.0_80\jre\lib\jsse.jar;D:\develop\Java\jdk1.7.0_80\jre\lib\jce.jar;D:\develop\Java\jdk1.7.0_80\jre\lib\charsets.jar;D:\develop\Java\jdk1.7.0_80\jre\lib\jfr.jar;D:\develop\Java\jdk1.7.0_80\jre\classes"/>
    <property name="surefire.real.class.path" value="C:\Users\LYF\AppData\Local\Temp\surefire3241943921484957001\surefirebooter6042568155638116836.jar"/>
    <property name="java.endorsed.dirs" value="D:\develop\Java\jdk1.7.0_80\jre\lib\endorsed"/>
    <property name="sun.desktop" value="windows"/>
    <property name="idea.version" value="2017.2.3"/>
    <property name="java.vm.version" value="24.80-b11"/>
    <property name="os.name" value="Windows 8.1"/>
    <property name="java.vm.specification.version" value="1.7"/>
    <property name="sun.cpu.isalist" value="amd64"/>
    <property name="java.version" value="1.7.0_80"/>
    <property name="java.vm.specification.name" value="Java Virtual Machine Specification"/>
    <property name="java.ext.dirs" value="D:\develop\Java\jdk1.7.0_80\jre\lib\ext;C:\Windows\Sun\Java\lib\ext"/>
    <property name="os.version" value="6.3"/>
    <property name="basedir" value="D:\workspace\zoey\parent\front\front-dao"/>
    <property name="java.library.path" value="D:\develop\Java\jdk1.7.0_80\jre\bin;C:\Windows\Sun\Java\bin;C:\Windows\system32;C:\Windows;C:\Windows\system32;C:\Windows;C:\Windows\System32\Wbem;C:\Windows\System32\WindowsPowerShell\v1.0\;D:\develop\TortoiseSVN\bin;D:\develop\mySQL\mysql-5.6.40-winx64\bin;D:\develop\scala\bin;D:\develop\TOOLS\Nodejs\;C:\Users\LYF\AppData\Local\Microsoft\WindowsApps;C:\Users\LYF\AppData\Roaming\npm;."/>
    <property name="java.awt.graphicsenv" value="sun.awt.Win32GraphicsEnvironment"/>
    <property name="java.vm.name" value="Java HotSpot(TM) 64-Bit Server VM"/>
    <property name="user.country" value="CN"/>
  </properties>
  <testcase name="shouldAnswerWithTrue" classname="cn.zoey.ssm.AppTest" time="0.001"/>
</testsuite>